<?xml version="1.0" encoding="UTF-8"?>
<!-- Generated by org.testng.reporters.JUnitReportReporter -->
<testsuite hostname="ranga" failures="0" tests="1" name="com.crm.qa.testcases.ContactsPageTest" time="16.895" errors="0" timestamp="24 Aug 2022 05:37:18 GMT" skipped="0">
  <testcase classname="com.crm.qa.testcases.ContactsPageTest" name="verifyContactsLabelTest" time="16.895"/>
</testsuite> <!-- com.crm.qa.testcases.ContactsPageTest -->
