<?xml version="1.0" encoding="UTF-8"?>
<!-- Generated by org.testng.reporters.JUnitReportReporter -->
<testsuite hostname="ranga" failures="0" tests="3" name="com.crm.qa.testcases.LoginPageTest" time="25.783" errors="0" timestamp="24 Aug 2022 05:51:43 GMT" skipped="0">
  <testcase classname="com.crm.qa.testcases.LoginPageTest" name="loginPageTitleTest" time="5.985"/>
  <testcase classname="com.crm.qa.testcases.LoginPageTest" name="crmLogoImageTest" time="7.199"/>
  <testcase classname="com.crm.qa.testcases.LoginPageTest" name="loginTest" time="12.599"/>
</testsuite> <!-- com.crm.qa.testcases.LoginPageTest -->
