<?xml version="1.0" encoding="UTF-8"?>
<!-- Generated by org.testng.reporters.JUnitReportReporter -->
<testsuite hostname="ranga" failures="0" tests="1" name="com.crm.qa.testcases.LoginPageTest" time="5.801" errors="0" timestamp="24 Aug 2022 05:37:18 GMT" skipped="0">
  <testcase classname="com.crm.qa.testcases.LoginPageTest" name="loginPageTitleTest" time="5.801"/>
</testsuite> <!-- com.crm.qa.testcases.LoginPageTest -->
